<?xml version="1.0" encoding="UTF-8"?>
<testsuite name="CarTest" tests="5" skipped="0" failures="0" errors="0" timestamp="2020-08-05T21:34:53" hostname="Jessicas-MacBook-Pro-4.local" time="0.038">
  <properties/>
  <testcase name="itFillsTheCarWithGas()" classname="CarTest" time="0.019"/>
  <testcase name="itUpdatesTheOdometer()" classname="CarTest" time="0.001"/>
  <testcase name="itUpdatesTheTrip()" classname="CarTest" time="0.001"/>
  <testcase name="itDecreasesGasWhenYouDrive()" classname="CarTest" time="0.001"/>
  <testcase name="itCreatesACarWithMPG()" classname="CarTest" time="0.004"/>
  <system-out><![CDATA[]]></system-out>
  <system-err><![CDATA[]]></system-err>
</testsuite>
